<?xml version="1.0" encoding="UTF-8"?>
<!-- Generated by org.testng.reporters.JUnitReportReporter -->
<testsuite hostname="AA" failures="0" tests="1" name="testCases.TC007_NonFunctionalTest" time="2.190" errors="0" timestamp="2025-07-22T18:57:29 BST" skipped="0">
  <testcase classname="testCases.TC007_NonFunctionalTest" name="verifyPageLoadTimeUnder3Seconds" time="2.190"/>
</testsuite> <!-- testCases.TC007_NonFunctionalTest -->
