<?xml version="1.0" encoding="UTF-8"?>
<!-- Generated by org.testng.reporters.JUnitReportReporter -->
<testsuite hostname="AA" failures="0" tests="1" name="testCases.TC001_BookNowTest" time="19.050" errors="0" timestamp="2025-07-22T18:57:29 BST" skipped="0">
  <testcase classname="testCases.TC001_BookNowTest" name="verify_Reservation" time="19.050"/>
</testsuite> <!-- testCases.TC001_BookNowTest -->
