<?xml version="1.0" encoding="UTF-8"?>
<!-- Generated by org.testng.reporters.JUnitReportReporter -->
<testsuite hostname="AA" failures="0" tests="1" name="testCases.TC008_NonFunctionalResizeTest" time="6.947" errors="0" timestamp="2025-07-22T18:57:29 BST" skipped="0">
  <testcase classname="testCases.TC008_NonFunctionalResizeTest" name="testHomePageResponsiveLayout" time="6.947"/>
</testsuite> <!-- testCases.TC008_NonFunctionalResizeTest -->
