<?xml version="1.0" encoding="UTF-8"?>
<!-- Generated by org.testng.reporters.JUnitReportReporter -->
<testsuite hostname="AA" failures="0" tests="1" name="testCases.TC003_NegativeSubmitMessageTest" time="9.821" errors="0" timestamp="2025-07-22T18:57:29 BST" skipped="0">
  <testcase classname="testCases.TC003_NegativeSubmitMessageTest" name="NegativeSubmit" time="9.821"/>
</testsuite> <!-- testCases.TC003_NegativeSubmitMessageTest -->
